{"/Users/douglasmorais/Desktop/rn-cognito/src/Translations.ts": {"path":"/Users/douglasmorais/Desktop/rn-cognito/src/Translations.ts","statementMap":{},"fnMap":{},"branchMap":{},"s":{},"f":{},"b":{}}
,"/Users/douglasmorais/Desktop/rn-cognito/src/index.tsx": {"path":"/Users/douglasmorais/Desktop/rn-cognito/src/index.tsx","statementMap":{"0":{"start":{"line":9,"column":14},"end":{"line":9,"column":36}},"1":{"start":{"line":11,"column":15},"end":{"line":34,"column":1}},"2":{"start":{"line":12,"column":2},"end":{"line":33,"column":3}}},"fnMap":{"0":{"name":"(anonymous_0)","decl":{"start":{"line":11,"column":15},"end":{"line":11,"column":16}},"loc":{"start":{"line":11,"column":21},"end":{"line":34,"column":1}},"line":11}},"branchMap":{},"s":{"0":0,"1":0,"2":0},"f":{"0":0},"b":{}}
,"/Users/douglasmorais/Desktop/rn-cognito/src/screens/googleLogin/index.tsx": {"path":"/Users/douglasmorais/Desktop/rn-cognito/src/screens/googleLogin/index.tsx","statementMap":{"0":{"start":{"line":17,"column":20},"end":{"line":79,"column":1}},"1":{"start":{"line":19,"column":28},"end":{"line":19,"column":43}},"2":{"start":{"line":21,"column":2},"end":{"line":43,"column":9}},"3":{"start":{"line":22,"column":23},"end":{"line":36,"column":6}},"4":{"start":{"line":23,"column":6},"end":{"line":35,"column":7}},"5":{"start":{"line":25,"column":10},"end":{"line":25,"column":24}},"6":{"start":{"line":26,"column":10},"end":{"line":26,"column":16}},"7":{"start":{"line":29,"column":10},"end":{"line":29,"column":23}},"8":{"start":{"line":30,"column":10},"end":{"line":30,"column":16}},"9":{"start":{"line":34,"column":10},"end":{"line":34,"column":44}},"10":{"start":{"line":38,"column":4},"end":{"line":40,"column":50}},"11":{"start":{"line":39,"column":35},"end":{"line":39,"column":55}},"12":{"start":{"line":40,"column":20},"end":{"line":40,"column":48}},"13":{"start":{"line":42,"column":4},"end":{"line":42,"column":21}},"14":{"start":{"line":46,"column":4},"end":{"line":50,"column":5}},"15":{"start":{"line":47,"column":6},"end":{"line":47,"column":41}},"16":{"start":{"line":49,"column":6},"end":{"line":49,"column":36}},"17":{"start":{"line":53,"column":17},"end":{"line":55,"column":8}},"18":{"start":{"line":54,"column":4},"end":{"line":54,"column":76}},"19":{"start":{"line":57,"column":2},"end":{"line":78,"column":3}},"20":{"start":{"line":64,"column":30},"end":{"line":64,"column":38}},"21":{"start":{"line":81,"column":15},"end":{"line":100,"column":2}}},"fnMap":{"0":{"name":"(anonymous_0)","decl":{"start":{"line":17,"column":20},"end":{"line":17,"column":21}},"loc":{"start":{"line":17,"column":26},"end":{"line":79,"column":1}},"line":17},"1":{"name":"(anonymous_1)","decl":{"start":{"line":21,"column":12},"end":{"line":21,"column":13}},"loc":{"start":{"line":21,"column":18},"end":{"line":43,"column":3}},"line":21},"2":{"name":"(anonymous_2)","decl":{"start":{"line":22,"column":42},"end":{"line":22,"column":43}},"loc":{"start":{"line":22,"column":79},"end":{"line":36,"column":5}},"line":22},"3":{"name":"(anonymous_3)","decl":{"start":{"line":39,"column":13},"end":{"line":39,"column":14}},"loc":{"start":{"line":39,"column":35},"end":{"line":39,"column":55}},"line":39},"4":{"name":"(anonymous_4)","decl":{"start":{"line":40,"column":14},"end":{"line":40,"column":15}},"loc":{"start":{"line":40,"column":20},"end":{"line":40,"column":48}},"line":40},"5":{"name":"sigOut","decl":{"start":{"line":45,"column":17},"end":{"line":45,"column":23}},"loc":{"start":{"line":45,"column":25},"end":{"line":51,"column":3}},"line":45},"6":{"name":"(anonymous_6)","decl":{"start":{"line":53,"column":29},"end":{"line":53,"column":30}},"loc":{"start":{"line":53,"column":35},"end":{"line":55,"column":3}},"line":53},"7":{"name":"(anonymous_7)","decl":{"start":{"line":64,"column":24},"end":{"line":64,"column":25}},"loc":{"start":{"line":64,"column":30},"end":{"line":64,"column":38}},"line":64}},"branchMap":{"0":{"loc":{"start":{"line":23,"column":6},"end":{"line":35,"column":7}},"type":"switch","locations":[{"start":{"line":24,"column":8},"end":{"line":26,"column":16}},{"start":{"line":28,"column":8},"end":{"line":30,"column":16}},{"start":{"line":32,"column":8},"end":{"line":32,"column":30}},{"start":{"line":33,"column":8},"end":{"line":34,"column":44}}],"line":23},"1":{"loc":{"start":{"line":60,"column":9},"end":{"line":75,"column":9}},"type":"cond-expr","locations":[{"start":{"line":61,"column":10},"end":{"line":66,"column":13}},{"start":{"line":68,"column":10},"end":{"line":74,"column":13}}],"line":60}},"s":{"0":0,"1":0,"2":0,"3":0,"4":0,"5":0,"6":0,"7":0,"8":0,"9":0,"10":0,"11":0,"12":0,"13":0,"14":0,"15":0,"16":0,"17":0,"18":0,"19":0,"20":0,"21":0},"f":{"0":0,"1":0,"2":0,"3":0,"4":0,"5":0,"6":0,"7":0},"b":{"0":[0,0,0,0],"1":[0,0]}}
,"/Users/douglasmorais/Desktop/rn-cognito/src/screens/home/index.tsx": {"path":"/Users/douglasmorais/Desktop/rn-cognito/src/screens/home/index.tsx","statementMap":{"0":{"start":{"line":14,"column":13},"end":{"line":56,"column":1}},"1":{"start":{"line":15,"column":23},"end":{"line":15,"column":38}},"2":{"start":{"line":16,"column":29},"end":{"line":16,"column":47}},"3":{"start":{"line":18,"column":23},"end":{"line":20,"column":3}},"4":{"start":{"line":19,"column":4},"end":{"line":19,"column":18}},"5":{"start":{"line":21,"column":2},"end":{"line":55,"column":3}},"6":{"start":{"line":37,"column":24},"end":{"line":37,"column":46}},"7":{"start":{"line":42,"column":24},"end":{"line":42,"column":46}},"8":{"start":{"line":47,"column":24},"end":{"line":47,"column":51}},"9":{"start":{"line":52,"column":24},"end":{"line":52,"column":46}},"10":{"start":{"line":58,"column":15},"end":{"line":68,"column":2}}},"fnMap":{"0":{"name":"(anonymous_0)","decl":{"start":{"line":14,"column":13},"end":{"line":14,"column":14}},"loc":{"start":{"line":14,"column":19},"end":{"line":56,"column":1}},"line":14},"1":{"name":"(anonymous_1)","decl":{"start":{"line":18,"column":23},"end":{"line":18,"column":24}},"loc":{"start":{"line":18,"column":41},"end":{"line":20,"column":3}},"line":18},"2":{"name":"(anonymous_2)","decl":{"start":{"line":37,"column":18},"end":{"line":37,"column":19}},"loc":{"start":{"line":37,"column":24},"end":{"line":37,"column":46}},"line":37},"3":{"name":"(anonymous_3)","decl":{"start":{"line":42,"column":18},"end":{"line":42,"column":19}},"loc":{"start":{"line":42,"column":24},"end":{"line":42,"column":46}},"line":42},"4":{"name":"(anonymous_4)","decl":{"start":{"line":47,"column":18},"end":{"line":47,"column":19}},"loc":{"start":{"line":47,"column":24},"end":{"line":47,"column":51}},"line":47},"5":{"name":"(anonymous_5)","decl":{"start":{"line":52,"column":18},"end":{"line":52,"column":19}},"loc":{"start":{"line":52,"column":24},"end":{"line":52,"column":46}},"line":52}},"branchMap":{"0":{"loc":{"start":{"line":26,"column":10},"end":{"line":26,"column":24}},"type":"binary-expr","locations":[{"start":{"line":26,"column":10},"end":{"line":26,"column":15}},{"start":{"line":26,"column":19},"end":{"line":26,"column":24}}],"line":26}},"s":{"0":1,"1":6,"2":6,"3":6,"4":0,"5":6,"6":0,"7":0,"8":0,"9":1,"10":1},"f":{"0":6,"1":0,"2":0,"3":0,"4":0,"5":1},"b":{"0":[6,5]},"_coverageSchema":"1a1c01bbd47fc00a2c39e90264f33305004495a9","hash":"862d218a8bae0f0d6c18204f9b3dd777e59372b2"}
,"/Users/douglasmorais/Desktop/rn-cognito/src/screens/private/index.tsx": {"path":"/Users/douglasmorais/Desktop/rn-cognito/src/screens/private/index.tsx","statementMap":{"0":{"start":{"line":6,"column":15},"end":{"line":12,"column":1}},"1":{"start":{"line":7,"column":2},"end":{"line":11,"column":3}}},"fnMap":{"0":{"name":"(anonymous_0)","decl":{"start":{"line":6,"column":15},"end":{"line":6,"column":16}},"loc":{"start":{"line":6,"column":21},"end":{"line":12,"column":1}},"line":6}},"branchMap":{},"s":{"0":0,"1":0},"f":{"0":0},"b":{}}
,"/Users/douglasmorais/Desktop/rn-cognito/src/screens/private/dash/index.tsx": {"path":"/Users/douglasmorais/Desktop/rn-cognito/src/screens/private/dash/index.tsx","statementMap":{"0":{"start":{"line":7,"column":13},"end":{"line":15,"column":1}},"1":{"start":{"line":8,"column":2},"end":{"line":14,"column":3}},"2":{"start":{"line":17,"column":15},"end":{"line":34,"column":2}}},"fnMap":{"0":{"name":"(anonymous_0)","decl":{"start":{"line":7,"column":13},"end":{"line":7,"column":14}},"loc":{"start":{"line":7,"column":19},"end":{"line":15,"column":1}},"line":7}},"branchMap":{},"s":{"0":0,"1":0,"2":0},"f":{"0":0},"b":{}}
,"/Users/douglasmorais/Desktop/rn-cognito/src/screens/signIn/index.tsx": {"path":"/Users/douglasmorais/Desktop/rn-cognito/src/screens/signIn/index.tsx","statementMap":{"0":{"start":{"line":20,"column":15},"end":{"line":75,"column":1}},"1":{"start":{"line":21,"column":36},"end":{"line":24,"column":4}},"2":{"start":{"line":27,"column":4},"end":{"line":36,"column":5}},"3":{"start":{"line":28,"column":19},"end":{"line":31,"column":7}},"4":{"start":{"line":32,"column":6},"end":{"line":32,"column":37}},"5":{"start":{"line":33,"column":6},"end":{"line":33,"column":17}},"6":{"start":{"line":35,"column":6},"end":{"line":35,"column":43}},"7":{"start":{"line":39,"column":2},"end":{"line":74,"column":3}},"8":{"start":{"line":56,"column":33},"end":{"line":56,"column":77}},"9":{"start":{"line":64,"column":33},"end":{"line":64,"column":77}},"10":{"start":{"line":70,"column":26},"end":{"line":70,"column":42}},"11":{"start":{"line":77,"column":15},"end":{"line":104,"column":2}}},"fnMap":{"0":{"name":"(anonymous_0)","decl":{"start":{"line":20,"column":15},"end":{"line":20,"column":16}},"loc":{"start":{"line":20,"column":21},"end":{"line":75,"column":1}},"line":20},"1":{"name":"signIn","decl":{"start":{"line":26,"column":17},"end":{"line":26,"column":23}},"loc":{"start":{"line":26,"column":59},"end":{"line":37,"column":3}},"line":26},"2":{"name":"(anonymous_2)","decl":{"start":{"line":56,"column":25},"end":{"line":56,"column":26}},"loc":{"start":{"line":56,"column":33},"end":{"line":56,"column":77}},"line":56},"3":{"name":"(anonymous_3)","decl":{"start":{"line":64,"column":25},"end":{"line":64,"column":26}},"loc":{"start":{"line":64,"column":33},"end":{"line":64,"column":77}},"line":64},"4":{"name":"(anonymous_4)","decl":{"start":{"line":70,"column":20},"end":{"line":70,"column":21}},"loc":{"start":{"line":70,"column":26},"end":{"line":70,"column":42}},"line":70}},"branchMap":{"0":{"loc":{"start":{"line":41,"column":17},"end":{"line":41,"column":62}},"type":"cond-expr","locations":[{"start":{"line":41,"column":41},"end":{"line":41,"column":50}},{"start":{"line":41,"column":52},"end":{"line":41,"column":62}}],"line":41}},"s":{"0":0,"1":0,"2":0,"3":0,"4":0,"5":0,"6":0,"7":0,"8":0,"9":0,"10":0,"11":0},"f":{"0":0,"1":0,"2":0,"3":0,"4":0},"b":{"0":[0,0]}}
,"/Users/douglasmorais/Desktop/rn-cognito/src/screens/signUp/index.tsx": {"path":"/Users/douglasmorais/Desktop/rn-cognito/src/screens/signUp/index.tsx","statementMap":{"0":{"start":{"line":23,"column":15},"end":{"line":167,"column":1}},"1":{"start":{"line":24,"column":36},"end":{"line":29,"column":4}},"2":{"start":{"line":30,"column":46},"end":{"line":30,"column":61}},"3":{"start":{"line":31,"column":32},"end":{"line":31,"column":47}},"4":{"start":{"line":34,"column":55},"end":{"line":34,"column":63}},"5":{"start":{"line":35,"column":4},"end":{"line":35,"column":22}},"6":{"start":{"line":36,"column":4},"end":{"line":54,"column":5}},"7":{"start":{"line":37,"column":23},"end":{"line":47,"column":8}},"8":{"start":{"line":48,"column":6},"end":{"line":48,"column":38}},"9":{"start":{"line":50,"column":6},"end":{"line":50,"column":47}},"10":{"start":{"line":52,"column":6},"end":{"line":52,"column":22}},"11":{"start":{"line":53,"column":6},"end":{"line":53,"column":30}},"12":{"start":{"line":58,"column":4},"end":{"line":58,"column":22}},"13":{"start":{"line":59,"column":31},"end":{"line":59,"column":39}},"14":{"start":{"line":60,"column":4},"end":{"line":68,"column":5}},"15":{"start":{"line":61,"column":6},"end":{"line":61,"column":40}},"16":{"start":{"line":62,"column":6},"end":{"line":62,"column":44}},"17":{"start":{"line":64,"column":6},"end":{"line":64,"column":47}},"18":{"start":{"line":66,"column":6},"end":{"line":66,"column":22}},"19":{"start":{"line":67,"column":6},"end":{"line":67,"column":30}},"20":{"start":{"line":71,"column":2},"end":{"line":166,"column":3}},"21":{"start":{"line":106,"column":39},"end":{"line":106,"column":97}},"22":{"start":{"line":114,"column":39},"end":{"line":114,"column":94}},"23":{"start":{"line":122,"column":39},"end":{"line":122,"column":97}},"24":{"start":{"line":130,"column":39},"end":{"line":130,"column":101}},"25":{"start":{"line":136,"column":32},"end":{"line":136,"column":48}},"26":{"start":{"line":152,"column":39},"end":{"line":152,"column":79}},"27":{"start":{"line":158,"column":32},"end":{"line":158,"column":55}},"28":{"start":{"line":169,"column":15},"end":{"line":196,"column":2}}},"fnMap":{"0":{"name":"(anonymous_0)","decl":{"start":{"line":23,"column":15},"end":{"line":23,"column":16}},"loc":{"start":{"line":23,"column":21},"end":{"line":167,"column":1}},"line":23},"1":{"name":"signUp","decl":{"start":{"line":33,"column":17},"end":{"line":33,"column":23}},"loc":{"start":{"line":33,"column":48},"end":{"line":55,"column":3}},"line":33},"2":{"name":"confirmSignUp","decl":{"start":{"line":57,"column":17},"end":{"line":57,"column":30}},"loc":{"start":{"line":57,"column":55},"end":{"line":69,"column":3}},"line":57},"3":{"name":"(anonymous_3)","decl":{"start":{"line":106,"column":31},"end":{"line":106,"column":32}},"loc":{"start":{"line":106,"column":39},"end":{"line":106,"column":97}},"line":106},"4":{"name":"(anonymous_4)","decl":{"start":{"line":114,"column":31},"end":{"line":114,"column":32}},"loc":{"start":{"line":114,"column":39},"end":{"line":114,"column":94}},"line":114},"5":{"name":"(anonymous_5)","decl":{"start":{"line":122,"column":31},"end":{"line":122,"column":32}},"loc":{"start":{"line":122,"column":39},"end":{"line":122,"column":97}},"line":122},"6":{"name":"(anonymous_6)","decl":{"start":{"line":130,"column":31},"end":{"line":130,"column":32}},"loc":{"start":{"line":130,"column":39},"end":{"line":130,"column":101}},"line":130},"7":{"name":"(anonymous_7)","decl":{"start":{"line":136,"column":26},"end":{"line":136,"column":27}},"loc":{"start":{"line":136,"column":32},"end":{"line":136,"column":48}},"line":136},"8":{"name":"(anonymous_8)","decl":{"start":{"line":152,"column":31},"end":{"line":152,"column":32}},"loc":{"start":{"line":152,"column":39},"end":{"line":152,"column":79}},"line":152},"9":{"name":"(anonymous_9)","decl":{"start":{"line":158,"column":26},"end":{"line":158,"column":27}},"loc":{"start":{"line":158,"column":32},"end":{"line":158,"column":55}},"line":158}},"branchMap":{"0":{"loc":{"start":{"line":73,"column":17},"end":{"line":73,"column":62}},"type":"cond-expr","locations":[{"start":{"line":73,"column":41},"end":{"line":73,"column":50}},{"start":{"line":73,"column":52},"end":{"line":73,"column":62}}],"line":73},"1":{"loc":{"start":{"line":77,"column":8},"end":{"line":163,"column":7}},"type":"cond-expr","locations":[{"start":{"line":78,"column":8},"end":{"line":90,"column":15}},{"start":{"line":92,"column":8},"end":{"line":162,"column":11}}],"line":77},"2":{"loc":{"start":{"line":93,"column":12},"end":{"line":161,"column":11}},"type":"cond-expr","locations":[{"start":{"line":94,"column":14},"end":{"line":138,"column":19}},{"start":{"line":140,"column":12},"end":{"line":160,"column":19}}],"line":93}},"s":{"0":0,"1":0,"2":0,"3":0,"4":0,"5":0,"6":0,"7":0,"8":0,"9":0,"10":0,"11":0,"12":0,"13":0,"14":0,"15":0,"16":0,"17":0,"18":0,"19":0,"20":0,"21":0,"22":0,"23":0,"24":0,"25":0,"26":0,"27":0,"28":0},"f":{"0":0,"1":0,"2":0,"3":0,"4":0,"5":0,"6":0,"7":0,"8":0,"9":0},"b":{"0":[0,0],"1":[0,0],"2":[0,0]}}
,"/Users/douglasmorais/Desktop/rn-cognito/src/utils/urlOpener.ts": {"path":"/Users/douglasmorais/Desktop/rn-cognito/src/utils/urlOpener.ts","statementMap":{"0":{"start":{"line":8,"column":35},"end":{"line":11,"column":3}},"1":{"start":{"line":13,"column":2},"end":{"line":16,"column":3}},"2":{"start":{"line":14,"column":4},"end":{"line":14,"column":32}},"3":{"start":{"line":15,"column":4},"end":{"line":15,"column":34}}},"fnMap":{"0":{"name":"urlOpener","decl":{"start":{"line":6,"column":30},"end":{"line":6,"column":39}},"loc":{"start":{"line":6,"column":67},"end":{"line":17,"column":1}},"line":6}},"branchMap":{"0":{"loc":{"start":{"line":13,"column":2},"end":{"line":16,"column":3}},"type":"if","locations":[{"start":{"line":13,"column":2},"end":{"line":16,"column":3}},{"start":{},"end":{}}],"line":13},"1":{"loc":{"start":{"line":13,"column":7},"end":{"line":13,"column":50}},"type":"binary-expr","locations":[{"start":{"line":13,"column":7},"end":{"line":13,"column":25}},{"start":{"line":13,"column":29},"end":{"line":13,"column":50}}],"line":13}},"s":{"0":0,"1":0,"2":0,"3":0},"f":{"0":0},"b":{"0":[0,0],"1":[0,0]}}
}
